2024-07-12 16:22:21 - Created directory for snapshot: 202407121622
2024-07-12 16:22:21 - Starting capture of http://example.com
2024-07-12 16:22:24 - Completed capture of http://example.com
2024-07-12 16:22:24 - Failed to add 202407121622 to staging
2024-07-12 16:28:46 - Created directory for snapshot: 202407121628
2024-07-12 16:28:46 - Starting capture of http://example.com
2024-07-12 16:28:48 - Completed capture of http://example.com
2024-07-12 16:28:48 - Added 202407121628 to staging area
2024-07-12 16:28:48 - Committed changes for snapshot on 202407121628
2024-07-12 16:29:01 - Pushed changes to remote repository
2024-07-12 16:29:01 - Script completed successfully
2024-07-12 16:30:20 - Created directory for snapshot: 202407121630
2024-07-12 16:30:20 - Starting capture of http://example.com
2024-07-12 16:30:22 - Completed capture of http://example.com
2024-07-12 16:30:22 - Added 202407121630 to staging area
2024-07-12 16:30:22 - Committed changes for snapshot on 202407121630
2024-07-12 16:35:41 - Created directory for snapshot: 202407121635
2024-07-12 16:35:41 - Starting capture of http://google.lk
2024-07-12 16:35:43 - Completed capture of http://google.lk
2024-07-12 16:35:43 - Added 202407121635 to staging area
2024-07-12 16:35:43 - Committed changes for snapshot on 202407121635
2024-07-12 16:38:08 - Created directory for snapshot: 202407121638
2024-07-12 16:38:08 - Starting capture of http://google.lk
2024-07-12 16:38:11 - Completed capture of http://google.lk
