[www.google.lk/index.html]
[backblue.gif]
[fade.gif]
[index.html]
[www.google.lk/images/branding/googlelogo/1x/googlelogo_white_background_color_272x92dp.png]
[www.google.lk/preferences0016]
[www.google.lk/advanced_search7f9d.html]
[www.google.lk/services/index.html]
[www.google.lk/index.html]
[www.google.lk/intl/de/policies/privacy/index.html]
[www.google.lk/intl/de/policies/terms/index.html]
[www.google.lk/safesearch579e.html]
[www.google.lk/preferences0016]
[www.google.lk/advanced_search7f9d.html]
[www.google.lk/intl/de/ads/index.html]
[www.google.lk/services/index.html]
[www.google.lk/intl/de/about/index.html]
[www.google.lk/intl/de/policies/privacy/index.html]
[www.google.lk/intl/de/policies/terms/index.html]
[www.google.lk/setting/search/privateresults/index7f9d.html]
[www.google.lk/images/branding/searchlogo/1x/googlelogo_desk_heirloom_color_150x55dp.gif]
[www.google.lk/safesearch579e.html]
[www.google.lk/gci_91f30755d6a6b787dcc2a4062e6e9824.html]
[www.google.lk/Edg/index.html]
[www.google.lk/+/index.html]
[www.google.lk/gbar.html]
[www.google.lk/intl/de/policies/privacy/curl.html]
[www.google.lk/intl/de/policies/terms/curl.html]
[www.google.lk/preferencesf6e0]
[www.google.lk/setting/search/privateresults/index0016.html]
[www.google.lk/index9a06.html]
[www.google.lk/safesearchb331.html]
[www.google.lk/preferencesf6e0]
[www.google.lk/safesearchb331.html]
